<?xml version="1.0" encoding="UTF-8"?>
<testng-results ignored="0" total="1" passed="1" failed="0" skipped="0">
  <reporter-output>
  </reporter-output>
  <suite started-at="2024-06-12T17:09:59 IST" name="Suite" finished-at="2024-06-12T17:10:03 IST" duration-ms="4470">
    <groups>
    </groups>
    <test started-at="2024-06-12T17:09:59 IST" name="Test" finished-at="2024-06-12T17:10:03 IST" duration-ms="4470">
      <class name="demo.example">
        <test-method signature="myTest()[pri:0, instance:demo.example@351d0846]" started-at="2024-06-12T17:09:59 IST" name="myTest" finished-at="2024-06-12T17:10:03 IST" duration-ms="4456" status="PASS">
          <reporter-output>
          </reporter-output>
        </test-method> <!-- myTest -->
      </class> <!-- demo.example -->
    </test> <!-- Test -->
  </suite> <!-- Suite -->
</testng-results>
